<?xml version="1.0" encoding="UTF-8"?>
<testng-results ignored="0" total="2" passed="2" failed="0" skipped="0">
  <reporter-output>
  </reporter-output>
  <suite started-at="2021-01-28T19:22:53 IST" name="Default suite" finished-at="2021-01-28T19:23:33 IST" duration-ms="40119">
    <groups>
    </groups>
    <test started-at="2021-01-28T19:22:53 IST" name="Default test" finished-at="2021-01-28T19:23:33 IST" duration-ms="40119">
      <class name="tests.LoginTestCase">
        <test-method is-config="true" signature="setUp()[pri:0, instance:tests.LoginTestCase@626c44e7]" started-at="2021-01-28T19:22:55 IST" name="setUp" finished-at="2021-01-28T19:23:06 IST" duration-ms="11649" status="PASS">
          <reporter-output>
          </reporter-output>
        </test-method> <!-- setUp -->
        <test-method signature="test(java.lang.String, java.lang.String)[pri:0, instance:tests.LoginTestCase@626c44e7]" started-at="2021-01-28T19:23:06 IST" name="test" data-provider="guru99Login" finished-at="2021-01-28T19:23:15 IST" duration-ms="8362" status="PASS">
          <params>
            <param index="0">
              <value>
                <![CDATA[mngr303129]]>
              </value>
            </param>
            <param index="1">
              <value>
                <![CDATA[zUteduq]]>
              </value>
            </param>
          </params>
          <reporter-output>
          </reporter-output>
        </test-method> <!-- test -->
        <test-method is-config="true" signature="tearDown()[pri:0, instance:tests.LoginTestCase@626c44e7]" started-at="2021-01-28T19:23:15 IST" name="tearDown" finished-at="2021-01-28T19:23:16 IST" duration-ms="1020" status="PASS">
          <reporter-output>
          </reporter-output>
        </test-method> <!-- tearDown -->
        <test-method is-config="true" signature="setUp()[pri:0, instance:tests.LoginTestCase@626c44e7]" started-at="2021-01-28T19:23:16 IST" name="setUp" finished-at="2021-01-28T19:23:26 IST" duration-ms="10611" status="PASS">
          <reporter-output>
          </reporter-output>
        </test-method> <!-- setUp -->
        <test-method signature="test(java.lang.String, java.lang.String)[pri:0, instance:tests.LoginTestCase@626c44e7]" started-at="2021-01-28T19:23:26 IST" name="test" data-provider="guru99Login" finished-at="2021-01-28T19:23:32 IST" duration-ms="5904" status="PASS">
          <params>
            <param index="0">
              <value>
                <![CDATA[mngr303129]]>
              </value>
            </param>
            <param index="1">
              <value>
                <![CDATA[zUteduq]]>
              </value>
            </param>
          </params>
          <reporter-output>
          </reporter-output>
        </test-method> <!-- test -->
        <test-method is-config="true" signature="tearDown()[pri:0, instance:tests.LoginTestCase@626c44e7]" started-at="2021-01-28T19:23:32 IST" name="tearDown" finished-at="2021-01-28T19:23:33 IST" duration-ms="1004" status="PASS">
          <reporter-output>
          </reporter-output>
        </test-method> <!-- tearDown -->
      </class> <!-- tests.LoginTestCase -->
    </test> <!-- Default test -->
  </suite> <!-- Default suite -->
</testng-results>
